c:\users\peyton\documents\visual studio 2015\projects\opengl\final project engine\final project engine\debug\vc140.pdb
c:\users\peyton\documents\visual studio 2015\projects\opengl\final project engine\final project engine\debug\vc140.idb
c:\users\peyton\documents\visual studio 2015\projects\opengl\final project engine\final project engine\debug\app.obj
c:\users\peyton\documents\visual studio 2015\projects\opengl\final project engine\final project engine\debug\bounds.obj
c:\users\peyton\documents\visual studio 2015\projects\opengl\final project engine\final project engine\debug\bullet.obj
c:\users\peyton\documents\visual studio 2015\projects\opengl\final project engine\final project engine\debug\circle.obj
c:\users\peyton\documents\visual studio 2015\projects\opengl\final project engine\final project engine\debug\explodeanimation.obj
c:\users\peyton\documents\visual studio 2015\projects\opengl\final project engine\final project engine\debug\graphicnumber.obj
c:\users\peyton\documents\visual studio 2015\projects\opengl\final project engine\final project engine\debug\hitarray.obj
c:\users\peyton\documents\visual studio 2015\projects\opengl\final project engine\final project engine\debug\hitbox.obj
c:\users\peyton\documents\visual studio 2015\projects\opengl\final project engine\final project engine\debug\init.obj
c:\users\peyton\documents\visual studio 2015\projects\opengl\final project engine\final project engine\debug\magazine.obj
c:\users\peyton\documents\visual studio 2015\projects\opengl\final project engine\final project engine\debug\rectangle.obj
c:\users\peyton\documents\visual studio 2015\projects\opengl\final project engine\final project engine\debug\scoreboard.obj
c:\users\peyton\documents\visual studio 2015\projects\opengl\final project engine\final project engine\debug\shape.obj
c:\users\peyton\documents\visual studio 2015\projects\opengl\final project engine\final project engine\debug\ship.obj
c:\users\peyton\documents\visual studio 2015\projects\opengl\final project engine\final project engine\debug\stb_image.obj
c:\users\peyton\documents\visual studio 2015\projects\opengl\final project engine\final project engine\debug\swarm.obj
c:\users\peyton\documents\visual studio 2015\projects\opengl\final project engine\final project engine\debug\testclass.obj
c:\users\peyton\documents\visual studio 2015\projects\opengl\final project engine\final project engine\debug\triangle.obj
c:\users\peyton\documents\visual studio 2015\projects\opengl\final project engine\debug\final project engine.ilk
c:\users\peyton\documents\visual studio 2015\projects\opengl\final project engine\debug\final project engine.exe
c:\users\peyton\documents\visual studio 2015\projects\opengl\final project engine\debug\final project engine.pdb
c:\users\peyton\documents\visual studio 2015\projects\opengl\final project engine\final project engine\debug\final pr.ce763926.tlog\cl.command.1.tlog
c:\users\peyton\documents\visual studio 2015\projects\opengl\final project engine\final project engine\debug\final pr.ce763926.tlog\cl.read.1.tlog
c:\users\peyton\documents\visual studio 2015\projects\opengl\final project engine\final project engine\debug\final pr.ce763926.tlog\cl.write.1.tlog
c:\users\peyton\documents\visual studio 2015\projects\opengl\final project engine\final project engine\debug\final pr.ce763926.tlog\link.command.1.tlog
c:\users\peyton\documents\visual studio 2015\projects\opengl\final project engine\final project engine\debug\final pr.ce763926.tlog\link.read.1.tlog
c:\users\peyton\documents\visual studio 2015\projects\opengl\final project engine\final project engine\debug\final pr.ce763926.tlog\link.write.1.tlog
